C51 COMPILER V9.60.7.0   COMMON                                                            06/30/2023 20:26:21 PAGE 1   


C51 COMPILER V9.60.7.0, COMPILATION OF MODULE COMMON
OBJECT MODULE PLACED IN .\Output\common.obj
COMPILER INVOKED BY: D:\00.SOFTWARE\03.KeilcC51\C51\BIN\C51.EXE ..\Library\StdDriver\src\common.c LARGE OMF2 OPTIMIZE(7,
                    -SPEED) BROWSE INCDIR(..\Library\Device\Include;..\Library\StdDriver\inc;..\inc) DEFINE(CLOCK=4000000) DEBUG PRINT(.\lst\
                    -common.lst) TABS(2) OBJECT(.\Output\common.obj)

line level    source

   1          /*--------------------------------------------------------------------------------------------------------
             --*/
   2          /*                                                                                                        
             - */
   3          /* SPDX-License-Identifier: Apache-2.0                                                                    
             - */
   4          /* Copyright(c) 2020 Nuvoton Technology Corp. All rights reserved.                                        
             - */
   5          /*                                                                                                        
             - */
   6          /*--------------------------------------------------------------------------------------------------------
             --*/
   7          
   8          #include "MS51_16K.h"
   9          
  10          bit BIT_TMP;
  11          /**
  12           * @brief       Read Dataflash
  13           * @param       Dataflash start address
  14           * @return      Dataflash Value
  15           * @details     None
  16           */
  17          unsigned char Read_APROM_BYTE(unsigned int code *u16_addr)
  18          {
  19   1          unsigned char rdata;
  20   1          rdata = *u16_addr >> 8;
  21   1          return rdata;
  22   1      }
  23          
  24          /**
  25           * @brief       Software reset API
  26           * @param       Run in APROM/LDROM after reset
  27           *                       - \ref BOOT_APROM: Run in APROM after reset .
  28           *                       - \ref BOOT_LDROM: Run in LDROM after reset.
  29           * @return      None
  30           * @details     None
  31           */
  32          void Software_Reset(unsigned char u8Bootarea)
  33          {
  34   1          unsigned char boottemp;
  35   1          boottemp = (0x80|u8Bootarea);
  36   1          TA = 0xAA;
  37   1          TA = 0x55;
  38   1          CHPCON = boottemp;                   //software reset enable
  39   1      }


MODULE INFORMATION:   STATIC OVERLAYABLE
   CODE SIZE        =     21    ----
   CONSTANT SIZE    =   ----    ----
   XDATA SIZE       =   ----    ----
   PDATA SIZE       =   ----    ----
   DATA SIZE        =   ----    ----
C51 COMPILER V9.60.7.0   COMMON                                                            06/30/2023 20:26:21 PAGE 2   

   IDATA SIZE       =   ----    ----
   BIT SIZE         =      1    ----
   EDATA SIZE       =   ----    ----
   HDATA SIZE       =   ----    ----
   XDATA CONST SIZE =   ----    ----
   FAR CONST SIZE   =   ----    ----
END OF MODULE INFORMATION.


C51 COMPILATION COMPLETE.  0 WARNING(S),  0 ERROR(S)
