C51 COMPILER V9.60.7.0   HTIM                                                              06/30/2023 20:26:20 PAGE 1   


C51 COMPILER V9.60.7.0, COMPILATION OF MODULE HTIM
OBJECT MODULE PLACED IN .\Output\htim.obj
COMPILER INVOKED BY: D:\00.SOFTWARE\03.KeilcC51\C51\BIN\C51.EXE ..\src\htim.c LARGE OMF2 OPTIMIZE(7,SPEED) BROWSE INCDIR
                    -(..\Library\Device\Include;..\Library\StdDriver\inc;..\inc) DEFINE(CLOCK=4000000) DEBUG PRINT(.\lst\htim.lst) TABS(2) OB
                    -JECT(.\Output\htim.obj)

line level    source

   1          /*--------------------------------------------------------------------------------------------------------
             --*/
   2          /*                                                                                                        
             - */
   3          /* SPDX-License-Identifier: Apache-2.0                                                                    
             - */
   4          /* Copyright(c) 2020 Nuvoton Technology Corp. All rights reserved.                                        
             - */
   5          /*                                                                                                        
             - */
   6          /*--------------------------------------------------------------------------------------------------------
             --*/
   7          
   8          
   9          /*********************************************************************************************************
             -***/
  10          /*  File Function: MS51 Timer 3 with interrupt demo                                                       
             -  */
  11          /*********************************************************************************************************
             -***/
  12          #include "MS51_16K.H"
  13          #define DIV1      1
  14          #define DIV2      2
  15          #define DIV4      4
  16          #define DIV8      8
  17          #define DIV16     16
  18          #define DIV32     32
  19          #define DIV64     64
  20          #define DIV128    128
  21          volatile UINT32 uTick = 0;
  22          /*********************************************************************************************************
             -***
  23          *    TIMER 3 interrupt subroutine
  24          **********************************************************************************************************
             -**/
  25          void Timer3_ISR (void) interrupt 16 
  26          {
  27   1          _push_(SFRS);
  28   1          
  29   1          clr_T3CON_TF3;
  30   1          uTick++;
  31   1          _pop_(SFRS);
  32   1      } 
  33          
  34          /*********************************************************************************************************
             -***
  35          *    TIMER 3 interrupt Initial setting
  36          **********************************************************************************************************
             -**/
  37          void Timer3_INT_Initial(unsigned char u8TMDIV, 
  38                                  unsigned char u8RH3, 
  39                                  unsigned char u8RL3)
  40          {
C51 COMPILER V9.60.7.0   HTIM                                                              06/30/2023 20:26:20 PAGE 2   

  41   1          clr_T3CON_TR3;
  42   1          SFRS = 0x00;
  43   1          switch (u8TMDIV)
  44   1          {
  45   2            case DIV1:T3CON&=0xF8; break;
  46   2            case DIV2:T3CON&=0xF8;T3CON|=0x01; break;
  47   2            case DIV4:T3CON&=0xF8;T3CON|=0x02; break;
  48   2            case DIV8:T3CON&=0xF8;T3CON|=0x03; break;
  49   2            case DIV16:T3CON&=0xF8;T3CON|=0x04; break;
  50   2            case DIV32:T3CON&=0xF8;T3CON|=0x05; break;
  51   2            case DIV64:T3CON&=0xF8;T3CON|=0x06; break;
  52   2            case DIV128:T3CON&=0xF8;T3CON|=0x07; break;
  53   2          }
  54   1            clr_T3CON_TF3;
  55   1            RH3 = u8RH3;
  56   1            RL3 = u8RL3;
  57   1            set_EIE1_ET3;                              //enable Timer3 interrupt
  58   1            set_IE_EA;                                  //enable global interrupts
  59   1            set_T3CON_TR3;                              //Timer3 run
  60   1      }
  61          
  62          UINT32 HAL_GetTick() {
  63   1        return uTick;
  64   1      }
  65          void HAL_TIM_Pause() {
  66   1        clr_T3CON_TR3;
  67   1      }
  68          void HAL_TIM_run() {
  69   1        set_T3CON_TR3;
  70   1      }
  71          void HAL_Delay(UINT16 dl)
  72          {
  73   1        UINT32 tmp = uTick+ dl;
  74   1        while(tmp > uTick);
  75   1      }
  76          


MODULE INFORMATION:   STATIC OVERLAYABLE
   CODE SIZE        =    417    ----
   CONSTANT SIZE    =   ----    ----
   XDATA SIZE       =      4       6
   PDATA SIZE       =   ----    ----
   DATA SIZE        =   ----    ----
   IDATA SIZE       =   ----    ----
   BIT SIZE         =   ----    ----
   EDATA SIZE       =   ----    ----
   HDATA SIZE       =   ----    ----
   XDATA CONST SIZE =   ----    ----
   FAR CONST SIZE   =   ----    ----
END OF MODULE INFORMATION.


C51 COMPILATION COMPLETE.  0 WARNING(S),  0 ERROR(S)
