C51 COMPILER V9.60.7.0   UART                                                              06/30/2023 21:20:15 PAGE 1   


C51 COMPILER V9.60.7.0, COMPILATION OF MODULE UART
OBJECT MODULE PLACED IN .\Output\uart.obj
COMPILER INVOKED BY: D:\00.SOFTWARE\03.KeilcC51\C51\BIN\C51.EXE ..\Library\StdDriver\src\uart.c LARGE OMF2 OPTIMIZE(7,SP
                    -EED) BROWSE INCDIR(..\Library\Device\Include;..\Library\StdDriver\inc;..\inc) DEFINE(CLOCK=4000000) DEBUG PRINT(.\lst\ua
                    -rt.lst) TABS(2) OBJECT(.\Output\uart.obj)

line level    source

   1          /*--------------------------------------------------------------------------------------------------------
             --*/
   2          /*                                                                                                        
             - */
   3          /* SPDX-License-Identifier: Apache-2.0                                                                    
             - */
   4          /* Copyright(c) 2020 Nuvoton Technology Corp. All rights reserved.                                        
             - */
   5          /*                                                                                                        
             - */
   6          /*--------------------------------------------------------------------------------------------------------
             --*/
   7          
   8          #include "MS51_16K.H"
   9          bit PRINTFG = 0, uart0_receive_flag = 0, uart1_receive_flag;
  10          unsigned char uart0_receive_data, uart1_receive_data;
  11          
  12          
  13          
  14          void Serial_ISR(void) interrupt 4
  15          {
  16   1          _push_(SFRS);
  17   1        
  18   1          if (RI)
  19   1          {
  20   2              uart0_receive_flag = 1;
  21   2              uart0_receive_data = SBUF;
  22   2              clr_SCON_RI;                                         // Clear RI (Receive Interrupt).
  23   2          }
  24   1      
  25   1          if (TI)
  26   1          {
  27   2              if (!PRINTFG)
  28   2              {
  29   3                  TI = 0;
  30   3              }
  31   2          }
  32   1      
  33   1          _pop_(SFRS);
  34   1      } 
  35          
  36          
  37          
  38          void SerialPort1_ISR(void) interrupt 15
  39          {
  40   1          _push_(SFRS);
  41   1        
  42   1          if (RI_1)
  43   1          {
  44   2              uart1_receive_data = SBUF_1;
  45   2              uart1_receive_flag = 1;
  46   2              clr_SCON_1_RI_1;                             /* clear reception flag for next reception */
  47   2          }
C51 COMPILER V9.60.7.0   UART                                                              06/30/2023 21:20:15 PAGE 2   

  48   1      
  49   1          if (TI_1 == 1)
  50   1          {
  51   2              if (!PRINTFG)
  52   2              {
  53   3                  clr_SCON_1_TI_1;                             /* if emission occur */
  54   3              }
  55   2          }
  56   1      
  57   1          _pop_(SFRS);
  58   1      }
  59          
  60          /*MS51 new version buadrate */
  61          void UART_Open(unsigned long u32SysClock, unsigned char u8UARTPort,unsigned long u32Baudrate)
  62          {
  63   1        switch(u8UARTPort)
  64   1        {
  65   2          case UART0_Timer1:
  66   2                SCON = 0x50;       //UART0 Mode1,REN=1,TI=1
  67   2                TMOD |= 0x20;      //Timer1 Mode1
  68   2                set_PCON_SMOD;          //UART0 Double Rate Enable
  69   2                set_CKCON_T1M;
  70   2                clr_T3CON_BRCK;          //Serial port 0 baud rate clock source = Timer1
  71   2                TH1 = 256 - (u32SysClock/16/u32Baudrate);
  72   2                set_TCON_TR1;
  73   2            break;
  74   2            
  75   2            case UART0_Timer3:
  76   2                SCON = 0x50;     //UART0 Mode1,REN=1,TI=1
  77   2                set_PCON_SMOD;        //UART0 Double Rate Enable
  78   2                T3CON &= 0xF8;   //T3PS2=0,T3PS1=0,T3PS0=0(Prescale=1)
  79   2                set_T3CON_BRCK;        //UART0 baud rate clock source = Timer3
  80   2                RH3    = HIBYTE(65536 - (u32SysClock/16/u32Baudrate));  
  81   2                RL3    = LOBYTE(65536 - (u32SysClock/16/u32Baudrate));  
  82   2                set_T3CON_TR3;         //Trigger Timer3
  83   2            break;
  84   2            
  85   2            case UART1_Timer3:
  86   2                SCON_1 = 0x50;     //UART1 Mode1,REN_1=1,TI_1=1
  87   2                T3CON = 0x80;     //T3PS2=0,T3PS1=0,T3PS0=0(Prescale=1), UART1 in MODE 1
  88   2                RH3    = HIBYTE(65536 - (u32SysClock/16/u32Baudrate));  
  89   2                RL3    = LOBYTE(65536 - (u32SysClock/16/u32Baudrate));     
  90   2                set_T3CON_TR3;             //Trigger Timer3                                                     
             -        
  91   2            break; 
  92   2        }
  93   1      }
  94          
  95          #if 0 
              unsigned char Receive_Data(unsigned char UARTPort)
              {
                  UINT8 c;
                  switch (UARTPort)
                  {
                    case UART0:
                      while (!RI);
                      c = SBUF;
                      RI = 0;
                    break;
                    case UART1:
                      while (!RI_1);
                      c = SBUF_1;
C51 COMPILER V9.60.7.0   UART                                                              06/30/2023 21:20:15 PAGE 3   

                      RI_1 = 0;
                    break;
                  }
                  return (c);
              }
              #endif
 115          
 116          void UART_Send_Data(unsigned char UARTPort, unsigned char c)
 117          {
 118   1          _push_(SFRS);
 119   1          SFRS = 0;
 120   1          switch (UARTPort)
 121   1          {
 122   2              case UART0:
 123   2                TI=0;
 124   2                SBUF = c;
 125   2                while(!TI);
 126   2              break;
 127   2              case UART1:
 128   2                TI_1=0;
 129   2                SBUF_1 = c;
 130   2                while(TI_1);
 131   2              break;
 132   2          }
 133   1          _pop_(SFRS);
 134   1      }
 135          
 136          void Enable_UART0_VCOM_printf_24M_115200(void)
 137          {
 138   1          P06_QUASI_MODE;
 139   1          UART_Open(24000000,UART0_Timer1,115200);
 140   1          ENABLE_UART0_PRINTF;
 141   1      }


MODULE INFORMATION:   STATIC OVERLAYABLE
   CODE SIZE        =    595    ----
   CONSTANT SIZE    =   ----    ----
   XDATA SIZE       =      2       9
   PDATA SIZE       =   ----    ----
   DATA SIZE        =   ----    ----
   IDATA SIZE       =   ----    ----
   BIT SIZE         =      3    ----
   EDATA SIZE       =   ----    ----
   HDATA SIZE       =   ----    ----
   XDATA CONST SIZE =   ----    ----
   FAR CONST SIZE   =   ----    ----
END OF MODULE INFORMATION.


C51 COMPILATION COMPLETE.  0 WARNING(S),  0 ERROR(S)
